[15-Dec-2021 11:16:21 Europe/Berlin] hola en index, prueba propio log
[15-Dec-2021 11:16:51 Europe/Berlin] hola en index, prueba propio log
[15-Dec-2021 11:18:32 Europe/Berlin] hola en index, prueba propio log
[19-Dec-2021 08:41:21 Europe/Berlin] APP::__construct() -> No hay controlador especificado.
[19-Dec-2021 08:41:21 Europe/Berlin] PHP Warning:  require_once(controllers/login.php): Failed to open stream: No such file or directory in C:\xampp\htdocs\fdw-2021-2022-a\proyecto-yeicobF\src\libs\app.php on line 77
[19-Dec-2021 08:41:21 Europe/Berlin] PHP Fatal error:  Uncaught Error: Failed opening required 'controllers/login.php' (include_path='C:\xampp\php\PEAR') in C:\xampp\htdocs\fdw-2021-2022-a\proyecto-yeicobF\src\libs\app.php:77
Stack trace:
#0 C:\xampp\htdocs\fdw-2021-2022-a\proyecto-yeicobF\src\index.php(16): App->__construct()
#1 {main}
  thrown in C:\xampp\htdocs\fdw-2021-2022-a\proyecto-yeicobF\src\libs\app.php on line 77
[19-Dec-2021 08:46:15 Europe/Berlin] APP::__construct() -> No hay controlador especificado.
[19-Dec-2021 09:05:48 Europe/Berlin] APP::__construct() -> No hay controlador especificado.
[19-Dec-2021 09:05:48 Europe/Berlin] Login::__construct() -> Inicio de Login.
[19-Dec-2021 09:05:48 Europe/Berlin] PHP Fatal error:  Uncaught Error: Call to undefined method Login::loadModel() in C:\xampp\htdocs\fdw-2021-2022-a\proyecto-yeicobF\src\libs\app.php:81
Stack trace:
#0 C:\xampp\htdocs\fdw-2021-2022-a\proyecto-yeicobF\src\index.php(16): App->__construct()
#1 {main}
  thrown in C:\xampp\htdocs\fdw-2021-2022-a\proyecto-yeicobF\src\libs\app.php on line 81
[19-Dec-2021 09:51:43 Europe/Berlin] PHP Fatal error:  Array and string offset access syntax with curly braces is no longer supported in C:\xampp\htdocs\fdw-2021-2022-a\proyecto-yeicobF\src\libs\app.php on line 185
[19-Dec-2021 09:52:14 Europe/Berlin] PHP Fatal error:  Array and string offset access syntax with curly braces is no longer supported in C:\xampp\htdocs\fdw-2021-2022-a\proyecto-yeicobF\src\libs\app.php on line 185
[19-Dec-2021 09:52:25 Europe/Berlin] PHP Fatal error:  Array and string offset access syntax with curly braces is no longer supported in C:\xampp\htdocs\fdw-2021-2022-a\proyecto-yeicobF\src\libs\app.php on line 185
[19-Dec-2021 09:53:44 Europe/Berlin] PHP Fatal error:  Array and string offset access syntax with curly braces is no longer supported in C:\xampp\htdocs\fdw-2021-2022-a\proyecto-yeicobF\src\libs\app.php on line 185
[19-Dec-2021 09:53:54 Europe/Berlin] APP::__construct() -> No hay controlador especificado.
[19-Dec-2021 09:54:16 Europe/Berlin] PHP Fatal error:  Uncaught Error: Call to undefined method Login::loadModel() in C:\xampp\htdocs\fdw-2021-2022-a\proyecto-yeicobF\src\libs\app.php:133
Stack trace:
#0 C:\xampp\htdocs\fdw-2021-2022-a\proyecto-yeicobF\src\index.php(17): App->start()
#1 {main}
  thrown in C:\xampp\htdocs\fdw-2021-2022-a\proyecto-yeicobF\src\libs\app.php on line 133
[19-Dec-2021 20:55:46 Europe/Berlin] PHP Warning:  require_once(../libs/app.php): Failed to open stream: No such file or directory in C:\xampp\htdocs\fdw-2021-2022-a\proyecto-yeicobF\src\index.php on line 12
[19-Dec-2021 20:55:46 Europe/Berlin] PHP Fatal error:  Uncaught Error: Failed opening required '../libs/app.php' (include_path='C:\xampp\php\PEAR') in C:\xampp\htdocs\fdw-2021-2022-a\proyecto-yeicobF\src\index.php:12
Stack trace:
#0 {main}
  thrown in C:\xampp\htdocs\fdw-2021-2022-a\proyecto-yeicobF\src\index.php on line 12
[19-Dec-2021 20:56:46 Europe/Berlin] APP::__construct() -> No hay controlador especificado.
[19-Dec-2021 20:56:46 Europe/Berlin] PHP Fatal error:  Uncaught Error: Call to undefined method Login::loadModel() in C:\xampp\htdocs\fdw-2021-2022-a\proyecto-yeicobF\src\libs\app.php:137
Stack trace:
#0 C:\xampp\htdocs\fdw-2021-2022-a\proyecto-yeicobF\src\index.php(17): App->start()
#1 {main}
  thrown in C:\xampp\htdocs\fdw-2021-2022-a\proyecto-yeicobF\src\libs\app.php on line 137
[19-Dec-2021 21:02:37 Europe/Berlin] PHP Warning:  require_once(C:\xampp\htdocs\fdw-2021-2022-a\proyecto-yeicobF\src\libs/../controllers/css.php): Failed to open stream: No such file or directory in C:\xampp\htdocs\fdw-2021-2022-a\proyecto-yeicobF\src\libs\app.php on line 153
[19-Dec-2021 21:02:37 Europe/Berlin] PHP Fatal error:  Uncaught Error: Failed opening required 'C:\xampp\htdocs\fdw-2021-2022-a\proyecto-yeicobF\src\libs/../controllers/css.php' (include_path='C:\xampp\php\PEAR') in C:\xampp\htdocs\fdw-2021-2022-a\proyecto-yeicobF\src\libs\app.php:153
Stack trace:
#0 C:\xampp\htdocs\fdw-2021-2022-a\proyecto-yeicobF\src\index.php(17): App->start()
#1 {main}
  thrown in C:\xampp\htdocs\fdw-2021-2022-a\proyecto-yeicobF\src\libs\app.php on line 153
[19-Dec-2021 21:02:38 Europe/Berlin] PHP Warning:  require_once(C:\xampp\htdocs\fdw-2021-2022-a\proyecto-yeicobF\src\libs/../controllers/css.php): Failed to open stream: No such file or directory in C:\xampp\htdocs\fdw-2021-2022-a\proyecto-yeicobF\src\libs\app.php on line 153
[19-Dec-2021 21:02:38 Europe/Berlin] PHP Fatal error:  Uncaught Error: Failed opening required 'C:\xampp\htdocs\fdw-2021-2022-a\proyecto-yeicobF\src\libs/../controllers/css.php' (include_path='C:\xampp\php\PEAR') in C:\xampp\htdocs\fdw-2021-2022-a\proyecto-yeicobF\src\libs\app.php:153
Stack trace:
#0 C:\xampp\htdocs\fdw-2021-2022-a\proyecto-yeicobF\src\index.php(17): App->start()
#1 {main}
  thrown in C:\xampp\htdocs\fdw-2021-2022-a\proyecto-yeicobF\src\libs\app.php on line 153
[19-Dec-2021 21:02:38 Europe/Berlin] PHP Warning:  require_once(C:\xampp\htdocs\fdw-2021-2022-a\proyecto-yeicobF\src\libs/../controllers/css.php): Failed to open stream: No such file or directory in C:\xampp\htdocs\fdw-2021-2022-a\proyecto-yeicobF\src\libs\app.php on line 153
[19-Dec-2021 21:02:38 Europe/Berlin] PHP Fatal error:  Uncaught Error: Failed opening required 'C:\xampp\htdocs\fdw-2021-2022-a\proyecto-yeicobF\src\libs/../controllers/css.php' (include_path='C:\xampp\php\PEAR') in C:\xampp\htdocs\fdw-2021-2022-a\proyecto-yeicobF\src\libs\app.php:153
Stack trace:
#0 C:\xampp\htdocs\fdw-2021-2022-a\proyecto-yeicobF\src\index.php(17): App->start()
#1 {main}
  thrown in C:\xampp\htdocs\fdw-2021-2022-a\proyecto-yeicobF\src\libs\app.php on line 153
[19-Dec-2021 21:02:55 Europe/Berlin] PHP Warning:  require_once(C:\xampp\htdocs\fdw-2021-2022-a\proyecto-yeicobF\src\libs/../controllers/css.php): Failed to open stream: No such file or directory in C:\xampp\htdocs\fdw-2021-2022-a\proyecto-yeicobF\src\libs\app.php on line 153
[19-Dec-2021 21:02:55 Europe/Berlin] PHP Fatal error:  Uncaught Error: Failed opening required 'C:\xampp\htdocs\fdw-2021-2022-a\proyecto-yeicobF\src\libs/../controllers/css.php' (include_path='C:\xampp\php\PEAR') in C:\xampp\htdocs\fdw-2021-2022-a\proyecto-yeicobF\src\libs\app.php:153
Stack trace:
#0 C:\xampp\htdocs\fdw-2021-2022-a\proyecto-yeicobF\src\index.php(17): App->start()
#1 {main}
  thrown in C:\xampp\htdocs\fdw-2021-2022-a\proyecto-yeicobF\src\libs\app.php on line 153
[19-Dec-2021 21:02:55 Europe/Berlin] PHP Warning:  require_once(C:\xampp\htdocs\fdw-2021-2022-a\proyecto-yeicobF\src\libs/../controllers/css.php): Failed to open stream: No such file or directory in C:\xampp\htdocs\fdw-2021-2022-a\proyecto-yeicobF\src\libs\app.php on line 153
[19-Dec-2021 21:02:55 Europe/Berlin] PHP Fatal error:  Uncaught Error: Failed opening required 'C:\xampp\htdocs\fdw-2021-2022-a\proyecto-yeicobF\src\libs/../controllers/css.php' (include_path='C:\xampp\php\PEAR') in C:\xampp\htdocs\fdw-2021-2022-a\proyecto-yeicobF\src\libs\app.php:153
Stack trace:
#0 C:\xampp\htdocs\fdw-2021-2022-a\proyecto-yeicobF\src\index.php(17): App->start()
#1 {main}
  thrown in C:\xampp\htdocs\fdw-2021-2022-a\proyecto-yeicobF\src\libs\app.php on line 153
[19-Dec-2021 21:02:55 Europe/Berlin] PHP Warning:  require_once(C:\xampp\htdocs\fdw-2021-2022-a\proyecto-yeicobF\src\libs/../controllers/css.php): Failed to open stream: No such file or directory in C:\xampp\htdocs\fdw-2021-2022-a\proyecto-yeicobF\src\libs\app.php on line 153
[19-Dec-2021 21:02:55 Europe/Berlin] PHP Fatal error:  Uncaught Error: Failed opening required 'C:\xampp\htdocs\fdw-2021-2022-a\proyecto-yeicobF\src\libs/../controllers/css.php' (include_path='C:\xampp\php\PEAR') in C:\xampp\htdocs\fdw-2021-2022-a\proyecto-yeicobF\src\libs\app.php:153
Stack trace:
#0 C:\xampp\htdocs\fdw-2021-2022-a\proyecto-yeicobF\src\index.php(17): App->start()
#1 {main}
  thrown in C:\xampp\htdocs\fdw-2021-2022-a\proyecto-yeicobF\src\libs\app.php on line 153
[19-Dec-2021 21:03:02 Europe/Berlin] PHP Warning:  require_once(C:\xampp\htdocs\fdw-2021-2022-a\proyecto-yeicobF\src\libs/../controllers/css.php): Failed to open stream: No such file or directory in C:\xampp\htdocs\fdw-2021-2022-a\proyecto-yeicobF\src\libs\app.php on line 153
[19-Dec-2021 21:03:02 Europe/Berlin] PHP Warning:  require_once(C:\xampp\htdocs\fdw-2021-2022-a\proyecto-yeicobF\src\libs/../controllers/css.php): Failed to open stream: No such file or directory in C:\xampp\htdocs\fdw-2021-2022-a\proyecto-yeicobF\src\libs\app.php on line 153
[19-Dec-2021 21:03:02 Europe/Berlin] PHP Fatal error:  Uncaught Error: Failed opening required 'C:\xampp\htdocs\fdw-2021-2022-a\proyecto-yeicobF\src\libs/../controllers/css.php' (include_path='C:\xampp\php\PEAR') in C:\xampp\htdocs\fdw-2021-2022-a\proyecto-yeicobF\src\libs\app.php:153
Stack trace:
#0 C:\xampp\htdocs\fdw-2021-2022-a\proyecto-yeicobF\src\index.php(17): App->start()
#1 {main}
  thrown in C:\xampp\htdocs\fdw-2021-2022-a\proyecto-yeicobF\src\libs\app.php on line 153
[19-Dec-2021 21:03:02 Europe/Berlin] PHP Fatal error:  Uncaught Error: Failed opening required 'C:\xampp\htdocs\fdw-2021-2022-a\proyecto-yeicobF\src\libs/../controllers/css.php' (include_path='C:\xampp\php\PEAR') in C:\xampp\htdocs\fdw-2021-2022-a\proyecto-yeicobF\src\libs\app.php:153
Stack trace:
#0 C:\xampp\htdocs\fdw-2021-2022-a\proyecto-yeicobF\src\index.php(17): App->start()
#1 {main}
  thrown in C:\xampp\htdocs\fdw-2021-2022-a\proyecto-yeicobF\src\libs\app.php on line 153
[19-Dec-2021 21:03:02 Europe/Berlin] PHP Warning:  require_once(C:\xampp\htdocs\fdw-2021-2022-a\proyecto-yeicobF\src\libs/../controllers/css.php): Failed to open stream: No such file or directory in C:\xampp\htdocs\fdw-2021-2022-a\proyecto-yeicobF\src\libs\app.php on line 153
[19-Dec-2021 21:03:02 Europe/Berlin] PHP Fatal error:  Uncaught Error: Failed opening required 'C:\xampp\htdocs\fdw-2021-2022-a\proyecto-yeicobF\src\libs/../controllers/css.php' (include_path='C:\xampp\php\PEAR') in C:\xampp\htdocs\fdw-2021-2022-a\proyecto-yeicobF\src\libs\app.php:153
Stack trace:
#0 C:\xampp\htdocs\fdw-2021-2022-a\proyecto-yeicobF\src\index.php(17): App->start()
#1 {main}
  thrown in C:\xampp\htdocs\fdw-2021-2022-a\proyecto-yeicobF\src\libs\app.php on line 153
[19-Dec-2021 21:03:37 Europe/Berlin] PHP Warning:  require_once(C:\xampp\htdocs\fdw-2021-2022-a\proyecto-yeicobF\src\libs/../controllers/css.php): Failed to open stream: No such file or directory in C:\xampp\htdocs\fdw-2021-2022-a\proyecto-yeicobF\src\libs\app.php on line 153
[19-Dec-2021 21:03:37 Europe/Berlin] PHP Fatal error:  Uncaught Error: Failed opening required 'C:\xampp\htdocs\fdw-2021-2022-a\proyecto-yeicobF\src\libs/../controllers/css.php' (include_path='C:\xampp\php\PEAR') in C:\xampp\htdocs\fdw-2021-2022-a\proyecto-yeicobF\src\libs\app.php:153
Stack trace:
#0 C:\xampp\htdocs\fdw-2021-2022-a\proyecto-yeicobF\src\index.php(17): App->start()
#1 {main}
  thrown in C:\xampp\htdocs\fdw-2021-2022-a\proyecto-yeicobF\src\libs\app.php on line 153
[19-Dec-2021 21:03:37 Europe/Berlin] PHP Warning:  require_once(C:\xampp\htdocs\fdw-2021-2022-a\proyecto-yeicobF\src\libs/../controllers/css.php): Failed to open stream: No such file or directory in C:\xampp\htdocs\fdw-2021-2022-a\proyecto-yeicobF\src\libs\app.php on line 153
[19-Dec-2021 21:03:37 Europe/Berlin] PHP Fatal error:  Uncaught Error: Failed opening required 'C:\xampp\htdocs\fdw-2021-2022-a\proyecto-yeicobF\src\libs/../controllers/css.php' (include_path='C:\xampp\php\PEAR') in C:\xampp\htdocs\fdw-2021-2022-a\proyecto-yeicobF\src\libs\app.php:153
Stack trace:
#0 C:\xampp\htdocs\fdw-2021-2022-a\proyecto-yeicobF\src\index.php(17): App->start()
#1 {main}
  thrown in C:\xampp\htdocs\fdw-2021-2022-a\proyecto-yeicobF\src\libs\app.php on line 153
[19-Dec-2021 21:03:37 Europe/Berlin] PHP Warning:  require_once(C:\xampp\htdocs\fdw-2021-2022-a\proyecto-yeicobF\src\libs/../controllers/css.php): Failed to open stream: No such file or directory in C:\xampp\htdocs\fdw-2021-2022-a\proyecto-yeicobF\src\libs\app.php on line 153
[19-Dec-2021 21:03:37 Europe/Berlin] PHP Fatal error:  Uncaught Error: Failed opening required 'C:\xampp\htdocs\fdw-2021-2022-a\proyecto-yeicobF\src\libs/../controllers/css.php' (include_path='C:\xampp\php\PEAR') in C:\xampp\htdocs\fdw-2021-2022-a\proyecto-yeicobF\src\libs\app.php:153
Stack trace:
#0 C:\xampp\htdocs\fdw-2021-2022-a\proyecto-yeicobF\src\index.php(17): App->start()
#1 {main}
  thrown in C:\xampp\htdocs\fdw-2021-2022-a\proyecto-yeicobF\src\libs\app.php on line 153
[19-Dec-2021 21:04:26 Europe/Berlin] PHP Warning:  require_once(C:\xampp\htdocs\fdw-2021-2022-a\proyecto-yeicobF\src\libs/../controllers/css.php): Failed to open stream: No such file or directory in C:\xampp\htdocs\fdw-2021-2022-a\proyecto-yeicobF\src\libs\app.php on line 153
[19-Dec-2021 21:04:26 Europe/Berlin] PHP Fatal error:  Uncaught Error: Failed opening required 'C:\xampp\htdocs\fdw-2021-2022-a\proyecto-yeicobF\src\libs/../controllers/css.php' (include_path='C:\xampp\php\PEAR') in C:\xampp\htdocs\fdw-2021-2022-a\proyecto-yeicobF\src\libs\app.php:153
Stack trace:
#0 C:\xampp\htdocs\fdw-2021-2022-a\proyecto-yeicobF\src\index.php(17): App->start()
#1 {main}
  thrown in C:\xampp\htdocs\fdw-2021-2022-a\proyecto-yeicobF\src\libs\app.php on line 153
[19-Dec-2021 21:10:35 Europe/Berlin] PHP Warning:  require_once(C:\xampp\htdocs\fdw-2021-2022-a\proyecto-yeicobF\src\libs/../controllers/css.php): Failed to open stream: No such file or directory in C:\xampp\htdocs\fdw-2021-2022-a\proyecto-yeicobF\src\libs\app.php on line 153
[19-Dec-2021 21:10:35 Europe/Berlin] PHP Fatal error:  Uncaught Error: Failed opening required 'C:\xampp\htdocs\fdw-2021-2022-a\proyecto-yeicobF\src\libs/../controllers/css.php' (include_path='C:\xampp\php\PEAR') in C:\xampp\htdocs\fdw-2021-2022-a\proyecto-yeicobF\src\libs\app.php:153
Stack trace:
#0 C:\xampp\htdocs\fdw-2021-2022-a\proyecto-yeicobF\src\index.php(17): App->start()
#1 {main}
  thrown in C:\xampp\htdocs\fdw-2021-2022-a\proyecto-yeicobF\src\libs\app.php on line 153
[19-Dec-2021 21:10:36 Europe/Berlin] PHP Warning:  require_once(C:\xampp\htdocs\fdw-2021-2022-a\proyecto-yeicobF\src\libs/../controllers/css.php): Failed to open stream: No such file or directory in C:\xampp\htdocs\fdw-2021-2022-a\proyecto-yeicobF\src\libs\app.php on line 153
[19-Dec-2021 21:10:36 Europe/Berlin] PHP Fatal error:  Uncaught Error: Failed opening required 'C:\xampp\htdocs\fdw-2021-2022-a\proyecto-yeicobF\src\libs/../controllers/css.php' (include_path='C:\xampp\php\PEAR') in C:\xampp\htdocs\fdw-2021-2022-a\proyecto-yeicobF\src\libs\app.php:153
Stack trace:
#0 C:\xampp\htdocs\fdw-2021-2022-a\proyecto-yeicobF\src\index.php(17): App->start()
#1 {main}
  thrown in C:\xampp\htdocs\fdw-2021-2022-a\proyecto-yeicobF\src\libs\app.php on line 153
[19-Dec-2021 21:10:42 Europe/Berlin] PHP Warning:  require_once(C:\xampp\htdocs\fdw-2021-2022-a\proyecto-yeicobF\src\libs/../controllers/css.php): Failed to open stream: No such file or directory in C:\xampp\htdocs\fdw-2021-2022-a\proyecto-yeicobF\src\libs\app.php on line 153
[19-Dec-2021 21:10:42 Europe/Berlin] PHP Fatal error:  Uncaught Error: Failed opening required 'C:\xampp\htdocs\fdw-2021-2022-a\proyecto-yeicobF\src\libs/../controllers/css.php' (include_path='C:\xampp\php\PEAR') in C:\xampp\htdocs\fdw-2021-2022-a\proyecto-yeicobF\src\libs\app.php:153
Stack trace:
#0 C:\xampp\htdocs\fdw-2021-2022-a\proyecto-yeicobF\src\index.php(17): App->start()
#1 {main}
  thrown in C:\xampp\htdocs\fdw-2021-2022-a\proyecto-yeicobF\src\libs\app.php on line 153
[19-Dec-2021 21:10:42 Europe/Berlin] PHP Warning:  require_once(C:\xampp\htdocs\fdw-2021-2022-a\proyecto-yeicobF\src\libs/../controllers/css.php): Failed to open stream: No such file or directory in C:\xampp\htdocs\fdw-2021-2022-a\proyecto-yeicobF\src\libs\app.php on line 153
[19-Dec-2021 21:10:42 Europe/Berlin] PHP Fatal error:  Uncaught Error: Failed opening required 'C:\xampp\htdocs\fdw-2021-2022-a\proyecto-yeicobF\src\libs/../controllers/css.php' (include_path='C:\xampp\php\PEAR') in C:\xampp\htdocs\fdw-2021-2022-a\proyecto-yeicobF\src\libs\app.php:153
Stack trace:
#0 C:\xampp\htdocs\fdw-2021-2022-a\proyecto-yeicobF\src\index.php(17): App->start()
#1 {main}
  thrown in C:\xampp\htdocs\fdw-2021-2022-a\proyecto-yeicobF\src\libs\app.php on line 153
[19-Dec-2021 21:19:26 Europe/Berlin] PHP Warning:  require_once(C:\xampp\htdocs\fdw-2021-2022-a\proyecto-yeicobF\src\libs/../controllers/css.php): Failed to open stream: No such file or directory in C:\xampp\htdocs\fdw-2021-2022-a\proyecto-yeicobF\src\libs\app.php on line 153
[19-Dec-2021 21:19:26 Europe/Berlin] PHP Fatal error:  Uncaught Error: Failed opening required 'C:\xampp\htdocs\fdw-2021-2022-a\proyecto-yeicobF\src\libs/../controllers/css.php' (include_path='C:\xampp\php\PEAR') in C:\xampp\htdocs\fdw-2021-2022-a\proyecto-yeicobF\src\libs\app.php:153
Stack trace:
#0 C:\xampp\htdocs\fdw-2021-2022-a\proyecto-yeicobF\src\index.php(17): App->start()
#1 {main}
  thrown in C:\xampp\htdocs\fdw-2021-2022-a\proyecto-yeicobF\src\libs\app.php on line 153
[19-Dec-2021 21:38:22 Europe/Berlin] APP::__construct() -> No hay controlador especificado.
[19-Dec-2021 21:38:34 Europe/Berlin] PHP Fatal error:  Uncaught Error: Call to undefined method Login::loadModel() in C:\xampp\htdocs\fdw-2021-2022-a\proyecto-yeicobF\src\libs\app.php:137
Stack trace:
#0 C:\xampp\htdocs\fdw-2021-2022-a\proyecto-yeicobF\src\index.php(17): App->start()
#1 {main}
  thrown in C:\xampp\htdocs\fdw-2021-2022-a\proyecto-yeicobF\src\libs\app.php on line 137
[19-Dec-2021 22:21:18 Europe/Berlin] PHP Warning:  require_once(C:\xampp\htdocs\fdw-2021-2022-a\proyecto-yeicobF\src\libs/../controllers/hola.php): Failed to open stream: No such file or directory in C:\xampp\htdocs\fdw-2021-2022-a\proyecto-yeicobF\src\libs\app.php on line 153
[19-Dec-2021 22:21:21 Europe/Berlin] PHP Fatal error:  Uncaught Error: Failed opening required 'C:\xampp\htdocs\fdw-2021-2022-a\proyecto-yeicobF\src\libs/../controllers/hola.php' (include_path='C:\xampp\php\PEAR') in C:\xampp\htdocs\fdw-2021-2022-a\proyecto-yeicobF\src\libs\app.php:153
Stack trace:
#0 C:\xampp\htdocs\fdw-2021-2022-a\proyecto-yeicobF\src\index.php(17): App->start()
#1 {main}
  thrown in C:\xampp\htdocs\fdw-2021-2022-a\proyecto-yeicobF\src\libs\app.php on line 153
[19-Dec-2021 22:21:35 Europe/Berlin] PHP Warning:  require_once(C:\xampp\htdocs\fdw-2021-2022-a\proyecto-yeicobF\src\libs/../controllers/hola.php): Failed to open stream: No such file or directory in C:\xampp\htdocs\fdw-2021-2022-a\proyecto-yeicobF\src\libs\app.php on line 153
[19-Dec-2021 22:21:36 Europe/Berlin] PHP Fatal error:  Uncaught Error: Failed opening required 'C:\xampp\htdocs\fdw-2021-2022-a\proyecto-yeicobF\src\libs/../controllers/hola.php' (include_path='C:\xampp\php\PEAR') in C:\xampp\htdocs\fdw-2021-2022-a\proyecto-yeicobF\src\libs\app.php:153
Stack trace:
#0 C:\xampp\htdocs\fdw-2021-2022-a\proyecto-yeicobF\src\index.php(17): App->start()
#1 {main}
  thrown in C:\xampp\htdocs\fdw-2021-2022-a\proyecto-yeicobF\src\libs\app.php on line 153
